2021-02-05 16:40:22.953 INFO  (main) [   ] o.e.j.u.log Logging initialized @947ms to org.eclipse.jetty.util.log.Slf4jLog
2021-02-05 16:40:23.115 INFO  (main) [   ] o.e.j.s.Server jetty-9.4.34.v20201102; built: 2020-11-02T14:15:39.302Z; git: e46af88704a893fc12cb0e3bf46e2c7b48a009e7; jvm 15.0.1+9-18
2021-02-05 16:40:23.133 INFO  (main) [   ] o.e.j.d.p.ScanningAppProvider Deployment monitor [file:///Users/quyuyi/gitProjects/6675/CS6675/hw1/solr-8.8.0/server/contexts/] at interval 0
2021-02-05 16:40:23.437 INFO  (main) [   ] o.e.j.w.StandardDescriptorProcessor NO JSP Support for /solr, did not find org.apache.jasper.servlet.JspServlet
2021-02-05 16:40:23.447 INFO  (main) [   ] o.e.j.s.session DefaultSessionIdManager workerName=node0
2021-02-05 16:40:23.447 INFO  (main) [   ] o.e.j.s.session No SessionScavenger set, using defaults
2021-02-05 16:40:23.449 INFO  (main) [   ] o.e.j.s.session node0 Scavenging every 600000ms
2021-02-05 16:40:23.515 INFO  (main) [   ] o.a.s.s.SolrDispatchFilter Using logger factory org.apache.logging.slf4j.Log4jLoggerFactory
2021-02-05 16:40:23.519 INFO  (main) [   ] o.a.s.s.SolrDispatchFilter  ___      _       Welcome to Apache Solr™ version 8.8.0
2021-02-05 16:40:23.519 INFO  (main) [   ] o.a.s.s.SolrDispatchFilter / __| ___| |_ _   Starting in standalone mode on port 8983
2021-02-05 16:40:23.519 INFO  (main) [   ] o.a.s.s.SolrDispatchFilter \__ \/ _ \ | '_|  Install dir: /Users/quyuyi/gitProjects/6675/CS6675/hw1/solr-8.8.0
2021-02-05 16:40:23.519 INFO  (main) [   ] o.a.s.s.SolrDispatchFilter |___/\___/_|_|    Start time: 2021-02-05T16:40:23.519957Z
2021-02-05 16:40:23.533 INFO  (main) [   ] o.a.s.c.SolrPaths Using system property solr.solr.home: /Users/quyuyi/gitProjects/6675/CS6675/hw1/solr-8.8.0/server/solr
2021-02-05 16:40:23.534 INFO  (main) [   ] o.a.s.c.SolrXmlConfig Loading container configuration from /Users/quyuyi/gitProjects/6675/CS6675/hw1/solr-8.8.0/server/solr/solr.xml
2021-02-05 16:40:23.623 INFO  (main) [   ] o.a.s.c.SolrXmlConfig MBean server found: com.sun.jmx.mbeanserver.JmxMBeanServer@350aac89, but no JMX reporters were configured - adding default JMX reporter.
2021-02-05 16:40:24.301 INFO  (main) [   ] o.a.s.h.c.HttpShardHandlerFactory Host whitelist initialized: WhitelistHostChecker [whitelistHosts=null, whitelistHostCheckingEnabled=true]
2021-02-05 16:40:24.478 WARN  (main) [   ] o.e.j.u.s.S.config Trusting all certificates configured for Client@5d01ea21[provider=null,keyStore=null,trustStore=null]
2021-02-05 16:40:24.478 WARN  (main) [   ] o.e.j.u.s.S.config No Client EndPointIdentificationAlgorithm configured for Client@5d01ea21[provider=null,keyStore=null,trustStore=null]
2021-02-05 16:40:24.626 WARN  (main) [   ] o.e.j.u.s.S.config Trusting all certificates configured for Client@48eb9836[provider=null,keyStore=null,trustStore=null]
2021-02-05 16:40:24.626 WARN  (main) [   ] o.e.j.u.s.S.config No Client EndPointIdentificationAlgorithm configured for Client@48eb9836[provider=null,keyStore=null,trustStore=null]
2021-02-05 16:40:24.687 WARN  (main) [   ] o.a.s.c.CoreContainer Not all security plugins configured!  authentication=disabled authorization=disabled.  Solr is only as secure as you make it. Consider configuring authentication/authorization before exposing Solr to users internal or external.  See https://s.apache.org/solrsecurity for more info
2021-02-05 16:40:24.813 INFO  (main) [   ] o.a.s.c.TransientSolrCoreCacheDefault Allocating transient cache for 2147483647 transient cores
2021-02-05 16:40:24.815 INFO  (main) [   ] o.a.s.h.a.MetricsHistoryHandler No .system collection, keeping metrics history in memory.
2021-02-05 16:40:24.872 INFO  (main) [   ] o.a.s.m.r.SolrJmxReporter JMX monitoring for 'solr.node' (registry 'solr.node') enabled at server: com.sun.jmx.mbeanserver.JmxMBeanServer@350aac89
2021-02-05 16:40:24.873 INFO  (main) [   ] o.a.s.m.r.SolrJmxReporter JMX monitoring for 'solr.jvm' (registry 'solr.jvm') enabled at server: com.sun.jmx.mbeanserver.JmxMBeanServer@350aac89
2021-02-05 16:40:24.876 INFO  (main) [   ] o.a.s.m.r.SolrJmxReporter JMX monitoring for 'solr.jetty' (registry 'solr.jetty') enabled at server: com.sun.jmx.mbeanserver.JmxMBeanServer@350aac89
2021-02-05 16:40:24.914 INFO  (main) [   ] o.a.s.c.CorePropertiesLocator Found 1 core definitions underneath /Users/quyuyi/gitProjects/6675/CS6675/hw1/solr-8.8.0/server/solr
2021-02-05 16:40:24.914 INFO  (main) [   ] o.a.s.c.CorePropertiesLocator Cores are: [nutch]
2021-02-05 16:40:24.937 INFO  (coreLoadExecutor-13-thread-1) [   x:nutch] o.a.s.c.SolrConfig Using Lucene MatchVersion: 8.8.0
2021-02-05 16:40:24.965 INFO  (main) [   ] o.e.j.s.h.ContextHandler Started o.e.j.w.WebAppContext@295eaa7c{/solr,file:///Users/quyuyi/gitProjects/6675/CS6675/hw1/solr-8.8.0/server/solr-webapp/webapp/,AVAILABLE}{/Users/quyuyi/gitProjects/6675/CS6675/hw1/solr-8.8.0/server/solr-webapp/webapp}
2021-02-05 16:40:24.976 INFO  (main) [   ] o.e.j.s.AbstractConnector Started ServerConnector@7642df8f{HTTP/1.1, (http/1.1, h2c)}{0.0.0.0:8983}
2021-02-05 16:40:24.976 INFO  (main) [   ] o.e.j.s.Server Started @2974ms
2021-02-05 16:40:25.039 INFO  (coreLoadExecutor-13-thread-1) [   x:nutch] o.a.s.s.IndexSchema Schema name=nutch
2021-02-05 16:40:25.072 WARN  (coreLoadExecutor-13-thread-1) [   x:nutch] o.a.s.D.s.TrieDateField Solr loaded a deprecated plugin/analysis class [solr.TrieDateField]. Please consult documentation how to replace it accordingly.
2021-02-05 16:40:25.073 WARN  (coreLoadExecutor-13-thread-1) [   x:nutch] o.a.s.D.s.TrieDoubleField Solr loaded a deprecated plugin/analysis class [solr.TrieDoubleField]. Please consult documentation how to replace it accordingly.
2021-02-05 16:40:25.075 WARN  (coreLoadExecutor-13-thread-1) [   x:nutch] o.a.s.D.s.TrieFloatField Solr loaded a deprecated plugin/analysis class [solr.TrieFloatField]. Please consult documentation how to replace it accordingly.
2021-02-05 16:40:25.077 WARN  (coreLoadExecutor-13-thread-1) [   x:nutch] o.a.s.D.s.TrieIntField Solr loaded a deprecated plugin/analysis class [solr.TrieIntField]. Please consult documentation how to replace it accordingly.
2021-02-05 16:40:25.082 WARN  (coreLoadExecutor-13-thread-1) [   x:nutch] o.a.s.D.s.LatLonType Solr loaded a deprecated plugin/analysis class [solr.LatLonType]. Please consult documentation how to replace it accordingly.
2021-02-05 16:40:25.083 WARN  (coreLoadExecutor-13-thread-1) [   x:nutch] o.a.s.D.s.TrieLongField Solr loaded a deprecated plugin/analysis class [solr.TrieLongField]. Please consult documentation how to replace it accordingly.
2021-02-05 16:40:25.189 WARN  (coreLoadExecutor-13-thread-1) [   x:nutch] o.a.s.D.s.SynonymFilterFactory Solr loaded a deprecated plugin/analysis class [solr.SynonymFilterFactory]. Please consult documentation how to replace it accordingly.
2021-02-05 16:40:25.190 WARN  (coreLoadExecutor-13-thread-1) [   x:nutch] o.a.s.D.s.WordDelimiterFilterFactory Solr loaded a deprecated plugin/analysis class [solr.WordDelimiterFilterFactory]. Please consult documentation how to replace it accordingly.
2021-02-05 16:40:25.277 INFO  (coreLoadExecutor-13-thread-1) [   x:nutch] o.a.s.s.IndexSchema Loaded schema nutch/1.5 with uniqueid field id
2021-02-05 16:40:25.286 INFO  (coreLoadExecutor-13-thread-1) [   x:nutch] o.a.s.c.CoreContainer Creating SolrCore 'nutch' using configuration from instancedir /Users/quyuyi/gitProjects/6675/CS6675/hw1/solr-8.8.0/server/solr/nutch, trusted=true
2021-02-05 16:40:25.314 INFO  (coreLoadExecutor-13-thread-1) [   x:nutch] o.a.s.m.r.SolrJmxReporter JMX monitoring for 'solr.core.nutch' (registry 'solr.core.nutch') enabled at server: com.sun.jmx.mbeanserver.JmxMBeanServer@350aac89
2021-02-05 16:40:25.325 INFO  (coreLoadExecutor-13-thread-1) [   x:nutch] o.a.s.c.SolrCore [[nutch] ] Opening new SolrCore at [/Users/quyuyi/gitProjects/6675/CS6675/hw1/solr-8.8.0/server/solr/nutch], dataDir=[/Users/quyuyi/gitProjects/6675/CS6675/hw1/solr-8.8.0/server/solr/nutch/data/]
2021-02-05 16:40:25.767 INFO  (coreLoadExecutor-13-thread-1) [   x:nutch] o.a.s.u.UpdateHandler Using UpdateLog implementation: org.apache.solr.update.UpdateLog
2021-02-05 16:40:25.767 INFO  (coreLoadExecutor-13-thread-1) [   x:nutch] o.a.s.u.UpdateLog Initializing UpdateLog: dataDir= defaultSyncLevel=FLUSH numRecordsToKeep=100 maxNumLogsToKeep=10 numVersionBuckets=65536
2021-02-05 16:40:25.791 INFO  (coreLoadExecutor-13-thread-1) [   x:nutch] o.a.s.u.CommitTracker Hard AutoCommit: if uncommitted for 15000ms; 
2021-02-05 16:40:25.791 INFO  (coreLoadExecutor-13-thread-1) [   x:nutch] o.a.s.u.CommitTracker Soft AutoCommit: disabled
2021-02-05 16:40:25.935 INFO  (coreLoadExecutor-13-thread-1) [   x:nutch] o.a.s.r.ManagedResourceStorage File-based storage initialized to use dir: /Users/quyuyi/gitProjects/6675/CS6675/hw1/solr-8.8.0/server/solr/nutch/conf
2021-02-05 16:40:25.945 INFO  (coreLoadExecutor-13-thread-1) [   x:nutch] o.a.s.h.c.SpellCheckComponent Initializing spell checkers
2021-02-05 16:40:25.949 INFO  (coreLoadExecutor-13-thread-1) [   x:nutch] o.a.s.s.DirectSolrSpellChecker init: {name=default,field=_text_,classname=solr.DirectSolrSpellChecker,distanceMeasure=internal,accuracy=0.5,maxEdits=2,minPrefix=1,maxInspections=5,minQueryLength=4,maxQueryFrequency=0.01}
2021-02-05 16:40:25.956 INFO  (coreLoadExecutor-13-thread-1) [   x:nutch] o.a.s.h.ReplicationHandler Commits will be reserved for 10000 ms
2021-02-05 16:40:25.971 INFO  (searcherExecutor-15-thread-1-processing-x:nutch) [   x:nutch] o.a.s.c.QuerySenderListener QuerySenderListener done.
2021-02-05 16:40:25.971 INFO  (searcherExecutor-15-thread-1-processing-x:nutch) [   x:nutch] o.a.s.h.c.SpellCheckComponent Loading spell index for spellchecker: default
2021-02-05 16:40:25.976 INFO  (searcherExecutor-15-thread-1-processing-x:nutch) [   x:nutch] o.a.s.c.SolrCore [nutch]  Registered new searcher autowarm time: 0 ms
2021-02-05 16:42:26.118 INFO  (qtp1333041165-18) [   ] o.a.s.s.HttpSolrCall [admin] webapp=null path=/admin/cores params={indexInfo=false&wt=json&_=1612543346032} status=0 QTime=7
2021-02-05 16:42:26.124 INFO  (qtp1333041165-26) [   ] o.a.s.s.HttpSolrCall [admin] webapp=null path=/admin/info/system params={wt=json&_=1612543346032} status=0 QTime=13
2021-02-05 16:42:26.136 INFO  (qtp1333041165-23) [   ] o.a.s.s.HttpSolrCall [admin] webapp=null path=/admin/info/system params={wt=json&_=1612543346032} status=0 QTime=3
2021-02-05 16:42:32.315 INFO  (qtp1333041165-18) [   x:nutch] o.a.s.u.p.LogUpdateProcessorFactory [nutch]  webapp=/solr path=/update params={wt=javabin&version=2}{add=[http://arc.gatech.edu/ (1690874257047814144), http://arc.gatech.edu/board (1690874257106534400), http://arc.gatech.edu/committee (1690874257110728704), http://arc.gatech.edu/director (1690874257113874432), http://arc.gatech.edu/education (1690874257117020160), http://arc.gatech.edu/events (1690874257124360192), http://arc.gatech.edu/events/2020 (1690874257130651648), http://arc.gatech.edu/faculty (1690874257135894528), http://arc.gatech.edu/hg/image/368631/200xX_scale (1690874257139040256), http://arc.gatech.edu/hg/image/640513/200xX_scale (1690874257140088832), ... (1000 adds)]} 0 1120
2021-02-05 16:42:32.352 INFO  (qtp1333041165-23) [   x:nutch] o.a.s.u.p.LogUpdateProcessorFactory [nutch]  webapp=/solr path=/update params={wt=javabin&version=2}{delete=[http://1.1.1.1/ (-1690874258219073536), http://aceproject.org/about-en/ (-1690874258220122112), http://aclweb.org/anthology/W18-1506%20http:/people.ict.usc.edu/%7B~%7Dgordon/publications/NAACL-WS18A.PDF (-1690874258220122113), http://adapts.gatech.edu/ (-1690874258220122114), http://admission.gatech.edu/ (-1690874258220122115), http://admission.gatech.edu/EU-Data-Protection (-1690874258220122116), http://admission.gatech.edu/apply (-1690874258220122117), http://admission.gatech.edu/non-degree (-1690874258220122118), http://admission.gatech.edu/non-degree/62-and-older-program (-1690874258220122119), http://admission.gatech.edu/visit (-1690874258220122120), ... (789 deletes)]} 0 20
2021-02-05 16:42:33.779 INFO  (qtp1333041165-18) [   x:nutch] o.a.s.u.p.LogUpdateProcessorFactory [nutch]  webapp=/solr path=/update params={wt=javabin&version=2}{add=[https://academicjobsonline.org/ajo/cs/Databases (1690874258602852352), https://academicjobsonline.org/ajo/cs/Deep%20Learning (1690874258604949504), https://academicjobsonline.org/ajo/cs/Distributed%20Programming (1690874258604949505), https://academicjobsonline.org/ajo/cs/Distributed%20Systems (1690874258605998080), https://academicjobsonline.org/ajo/cs/Distributed%20Systems%20and%20Networking (1690874258605998081), https://academicjobsonline.org/ajo/cs/Fairness%20in%20AI (1690874258605998082), https://academicjobsonline.org/ajo/cs/Graphics (1690874258607046656), https://academicjobsonline.org/ajo/cs/Health%20IT (1690874258607046657), https://academicjobsonline.org/ajo/cs/Human-Computer%20Interaction (1690874258608095232), https://academicjobsonline.org/ajo/cs/Information%20Security%20and%20Privacy (1690874258608095233), ... (1000 adds)]} 0 1077
2021-02-05 16:42:33.783 INFO  (qtp1333041165-23) [   x:nutch] o.a.s.u.p.LogUpdateProcessorFactory [nutch]  webapp=/solr path=/update params={wt=javabin&version=2}{delete=[https://academicprogramsonline.org/ (-1690874259735314432), https://academicsupport.gatech.edu/ (-1690874259735314433), https://activatelearning.com/project-based-inquiry-science (-1690874259735314434), https://adservice.google.com/ (-1690874259735314435), https://advisor.gatech.edu/ (-1690874259735314436), https://ai.google/research/people/IrfanEssa (-1690874259735314437), https://ai.oit.gatech.edu/ (-1690874259735314438), https://ai.oit.gatech.edu/active-directory-services (-1690874259735314439), https://ai.oit.gatech.edu/cas (-1690874259735314440), https://ai.oit.gatech.edu/cloud-based-file-sync-and-storage-security-service-policy (-1690874259735314441), ... (153 deletes)]} 0 1
2021-02-05 16:42:36.223 INFO  (qtp1333041165-18) [   x:nutch] o.a.s.u.p.LogUpdateProcessorFactory [nutch]  webapp=/solr path=/update params={wt=javabin&version=2}{add=[https://grad.gatech.edu/apply-now (1690874260352925696), https://grad.gatech.edu/before-you-apply (1690874260355022848), https://grad.gatech.edu/bsms-degree-program-form (1690874260355022849), https://grad.gatech.edu/career-development (1690874260356071424), https://grad.gatech.edu/career-roadmap (1690874260356071425), https://grad.gatech.edu/contact-us (1690874260356071426), https://grad.gatech.edu/cost-fees (1690874260357120000), https://grad.gatech.edu/cridc (1690874260357120001), https://grad.gatech.edu/degree-programs (1690874260358168576), https://grad.gatech.edu/events (1690874260358168577), ... (1000 adds)]} 0 1851
2021-02-05 16:42:36.225 INFO  (qtp1333041165-23) [   x:nutch] o.a.s.u.p.LogUpdateProcessorFactory [nutch]  webapp=/solr path=/update params={wt=javabin&version=2}{delete=[https://grad.gatech.edu/cas (-1690874262296985600), https://grad.gatech.edu/search (-1690874262296985601), https://gtvault.sharepoint.com/sites/gt/vlad (-1690874262296985602), https://gvu.gatech.edu/home-page (-1690874262296985603), https://gvu.gatech.edu/node/123 (-1690874262296985604), https://handshake-production-cdn.joinhandshake.com/assets/login-v2/sidebar-bottom-mobile-7fe226d2fd4304d4bb1c2cd2755183049b1f2639a556186dd0d479338b5f9d03.svg (-1690874262296985605), https://handshake-production-cdn.joinhandshake.com/assets/login-v2/sidebar-bottom-stroke-web-d24b11dcc19aa5cf156727da48f6b5ad5c3a223267a19aff991dff36879d67e7.svg (-1690874262296985606), https://handshake-production-cdn.joinhandshake.com/assets/login-v2/sidebar-middle-mobile-3957d36e64319926080b5bddab480c9aa3b1e94f8a77586384f7770089ffcf1f.svg (-1690874262296985607), https://handshake-production-cdn.joinhandshake.com/assets/login-v2/sidebar-middle-stroke-64e12c68670e9149410b4c6be61ee651d715c25f524a4334e48bab2467c8bd12.svg (-1690874262296985608), https://handshake-production-cdn.joinhandshake.com/assets/logo-icon-2d294d9834da88f5fdf0ab747dd89fb15f8ab7c12a3e193294bab3d522d71a2c.svg (-1690874262296985609), ... (70 deletes)]} 0 0
2021-02-05 16:42:37.401 INFO  (qtp1333041165-18) [   x:nutch] o.a.s.u.p.LogUpdateProcessorFactory [nutch]  webapp=/solr path=/update params={wt=javabin&version=2}{add=[https://news.gatech.edu/features/month-photos-march-2020 (1690874262557032448), https://news.gatech.edu/features/month-photos-november-2020 (1690874262558081024), https://news.gatech.edu/features/month-photos-october-2020 (1690874262559129600), https://news.gatech.edu/features/month-photos-september-2020 (1690874262560178176), https://news.gatech.edu/features/swarm-polls (1690874262561226752), https://news.gatech.edu/features/thank-you-for-your-decade-of-dedication (1690874262562275328), https://news.gatech.edu/features/thirty-years-computing-liberal-arts-and-sciences (1690874262563323904), https://news.gatech.edu/features/women-who-lead (1690874262564372480), https://news.gatech.edu/hg/image/642065/original (1690874262565421056), https://news.gatech.edu/hg/image/643763/original (1690874262565421057), ... (1000 adds)]} 0 928
2021-02-05 16:42:37.404 INFO  (qtp1333041165-23) [   x:nutch] o.a.s.u.p.LogUpdateProcessorFactory [nutch]  webapp=/solr path=/update params={wt=javabin&version=2}{delete=[https://news.gatech.edu/news-room-topics/business-and-economic-development (-1690874263532208128), https://news.gatech.edu/news-room-topics/campus-and-community (-1690874263533256704), https://news.gatech.edu/news-room-topics/health-and-medicine (-1690874263533256705), https://news.gatech.edu/news-room-topics/science-and-technology (-1690874263533256706), https://news.gatech.edu/news-room-topics/society-and-culture (-1690874263533256707), https://news.gatech.edu/rss/earth-and-environment (-1690874263533256708), https://news.gatech.edu/search (-1690874263533256709), https://nips2017creativity.github.io/doc/Improvisational%7B_%7DAgents.pdf (-1690874263533256710), https://nutanix-virtual-day-in-the-lobby.eventfarm.com/ (-1690874263533256711), https://nytimes.com/ (-1690874263533256712), ... (213 deletes)]} 0 1
2021-02-05 16:42:38.607 INFO  (qtp1333041165-18) [   x:nutch] o.a.s.u.p.LogUpdateProcessorFactory [nutch]  webapp=/solr path=/update params={wt=javabin&version=2}{add=[https://www.activistpost.com/2021/02/finra-report-highlights-new-focus-on-game-like-trading-apps.html (1690874263777574912), https://www.activistpost.com/2021/02/in-order-to-have-a-tolerant-society-the-elite-believe-they-must-be-intolerant-of-all-dissenting-views.html (1690874263779672064), https://www.activistpost.com/2021/02/police-to-use-a-network-of-1000-anveshak-ai-cameras-to-spotlight-a-persons-every-movement.html (1690874263782817792), https://www.activistpost.com/2021/02/police-to-use-a-network-of-1000-anveshak-ai-cameras-to-spotlight-a-persons-every-movement.html/feed (1690874263784914944), https://www.activistpost.com/2021/02/reality-czars-and-brain-chipped-monkeys-new-world-next-week.html (1690874263784914945), https://www.activistpost.com/2021/02/salesman-suggests-hiding-visually-disruptive-4g-and-5g-antennas-inside-trash-cans-behind-decorative-screens-and-shrouds-etc.html (1690874263785963520), https://www.activistpost.com/2021/02/study-lockdowns-had-largest-impact-in-destroying-economic-activity.html (1690874263787012096), https://www.activistpost.com/2021/02/the-greater-reset-inspiring-vision-for-humanity.html (1690874263789109248), https://www.activistpost.com/2021/02/warnings-of-growing-surveillance-empire-as-ai-van-cameras-give-amazon-roaming-eyes-in-every-neighborhood.html (1690874263791206400), https://www.activistpost.com/bitcoin (1690874263793303552), ... (1000 adds)]} 0 970
2021-02-05 16:42:38.610 INFO  (qtp1333041165-23) [   x:nutch] o.a.s.u.p.LogUpdateProcessorFactory [nutch]  webapp=/solr path=/update params={wt=javabin&version=2}{delete=[https://www.apple.com/ (-1690874264796790784), https://www.atlantasymphony.org/ (-1690874264796790785), https://www.atlutd.com/2/roster (-1690874264796790786), https://www.atlutd.com/KingsKit (-1690874264796790787), https://www.atlutd.com/account (-1690874264796790788), https://www.atlutd.com/managingtickets (-1690874264796790789), https://www.bonappetit.com/contactus (-1690874264796790790), https://www.bonappetit.com/rss-feeds/ (-1690874264796790791), https://www.bonappetit.com/rss/stories (-1690874264797839360), https://www.bonappetit.com/services/newsletters/demographics (-1690874264797839361), ... (125 deletes)]} 0 0
2021-02-05 16:42:40.011 INFO  (qtp1333041165-18) [   x:nutch] o.a.s.u.p.LogUpdateProcessorFactory [nutch]  webapp=/solr path=/update params={wt=javabin&version=2}{add=[https://www.ic.gatech.edu/academics/admissions-financial-aid-0 (1690874265080954880), https://www.ic.gatech.edu/academics/computer-science-phd-program (1690874265082003456), https://www.ic.gatech.edu/academics/distance-learning-0 (1690874265084100608), https://www.ic.gatech.edu/academics/human-centered-computing-phd-program (1690874265085149184), https://www.ic.gatech.edu/academics/human-centered-computing-phd-research-and-labs (1690874265086197760), https://www.ic.gatech.edu/academics/international-study-0 (1690874265088294912), https://www.ic.gatech.edu/academics/master-science-computer-science (1690874265088294913), https://www.ic.gatech.edu/academics/master-science-computer-science-admissions-requirements (1690874265090392064), https://www.ic.gatech.edu/academics/master-science-human-computer-interaction (1690874265091440640), https://www.ic.gatech.edu/academics/master-science-robotics (1690874265092489216), ... (877 adds)]} 0 1130
2021-02-05 16:42:40.013 INFO  (qtp1333041165-23) [   x:nutch] o.a.s.u.p.LogUpdateProcessorFactory [nutch]  webapp=/solr path=/update params={wt=javabin&version=2}{delete=[https://www.ic.gatech.edu/search (-1690874266268991488), https://www.ieee.org/index.html (-1690874266268991489), https://www.instagram.com/flickr/ (-1690874266268991490), https://www.instagram.com/georgiatech (-1690874266268991491), https://www.instagram.com/gt_career_center/ (-1690874266268991492), https://www.instagram.com/gtcpc/ (-1690874266268991493), https://www.instagram.com/gtcreatex/ (-1690874266268991494), https://www.instagram.com/gtsciences (-1690874266268991495), https://www.instagram.com/gtsciences/ (-1690874266268991496), https://www.instagram.com/https:/instagram.com/georgiatech (-1690874266268991497), ... (88 deletes)]} 0 0
2021-02-05 16:42:43.029 INFO  (searcherExecutor-15-thread-1-processing-x:nutch) [   x:nutch] o.a.s.c.QuerySenderListener QuerySenderListener done.
2021-02-05 16:42:43.035 INFO  (searcherExecutor-15-thread-1-processing-x:nutch) [   x:nutch] o.a.s.c.SolrCore [nutch]  Registered new searcher autowarm time: 7 ms
2021-02-05 16:42:43.041 INFO  (qtp1333041165-18) [   x:nutch] o.a.s.u.p.LogUpdateProcessorFactory [nutch]  webapp=/solr path=/update params={waitSearcher=true&commit=true&softCommit=false&wt=javabin&version=2}{commit=} 0 3023
2021-02-05 16:42:43.044 INFO  (qtp1333041165-23) [   x:nutch] o.a.s.u.p.LogUpdateProcessorFactory [nutch]  webapp=/solr path=/update params={waitSearcher=true&commit=true&softCommit=false&wt=javabin&version=2}{commit=} 0 0
2021-02-05 16:43:42.273 INFO  (qtp1333041165-18) [   ] o.a.s.s.HttpSolrCall [admin] webapp=null path=/admin/cores params={indexInfo=false&wt=json&_=1612543346032} status=0 QTime=0
2021-02-05 16:43:42.277 INFO  (qtp1333041165-42) [   ] o.a.s.s.HttpSolrCall [admin] webapp=null path=/admin/info/system params={wt=json&_=1612543346032} status=0 QTime=4
2021-02-05 16:43:42.293 INFO  (qtp1333041165-23) [   x:nutch] o.a.s.c.S.Request [nutch]  webapp=/solr path=/replication params={wt=json&command=details&_=1612543422233} status=0 QTime=6
2021-02-05 16:43:42.294 INFO  (qtp1333041165-22) [   x:nutch] o.a.s.c.S.Request [nutch]  webapp=/solr path=/admin/system params={wt=json&_=1612543422232} status=0 QTime=8
2021-02-05 16:43:42.295 INFO  (qtp1333041165-17) [   x:nutch] o.a.s.c.S.Request [nutch]  webapp=/solr path=/admin/ping params={action=status&wt=json&_=1612543346032&ts=1612543346032} status=503 QTime=2
2021-02-05 16:43:42.297 INFO  (qtp1333041165-26) [   x:nutch] o.a.s.c.S.Request [nutch]  webapp=/solr path=/admin/luke params={numTerms=0&show=index&wt=json&_=1612543422232} status=0 QTime=17
2021-02-05 16:44:39.711 INFO  (qtp1333041165-17) [   ] o.a.s.s.HttpSolrCall [admin] webapp=null path=/admin/cores params={indexInfo=false&wt=json&_=1612543346032} status=0 QTime=0
2021-02-05 16:44:39.714 INFO  (qtp1333041165-44) [   ] o.a.s.s.HttpSolrCall [admin] webapp=null path=/admin/info/system params={wt=json&_=1612543346032} status=0 QTime=3
2021-02-05 16:46:08.880 ERROR (qtp1333041165-23) [   x:nutch] o.a.s.h.RequestHandlerBase org.apache.solr.common.SolrException: undefined field _text_
	at org.apache.solr.schema.IndexSchema.getDynamicFieldType(IndexSchema.java:1316)
	at org.apache.solr.schema.IndexSchema$SolrQueryAnalyzer.getWrappedAnalyzer(IndexSchema.java:492)
	at org.apache.lucene.analysis.DelegatingAnalyzerWrapper$DelegatingReuseStrategy.getReusableComponents(DelegatingAnalyzerWrapper.java:86)
	at org.apache.lucene.analysis.Analyzer.tokenStream(Analyzer.java:192)
	at org.apache.lucene.util.QueryBuilder.createFieldQuery(QueryBuilder.java:262)
	at org.apache.solr.parser.SolrQueryParserBase.newFieldQuery(SolrQueryParserBase.java:534)
	at org.apache.solr.parser.QueryParser.newFieldQuery(QueryParser.java:62)
	at org.apache.solr.parser.SolrQueryParserBase.getFieldQuery(SolrQueryParserBase.java:1109)
	at org.apache.solr.parser.SolrQueryParserBase.handleBareTokenQuery(SolrQueryParserBase.java:832)
	at org.apache.solr.parser.QueryParser.Term(QueryParser.java:421)
	at org.apache.solr.parser.QueryParser.Clause(QueryParser.java:278)
	at org.apache.solr.parser.QueryParser.Query(QueryParser.java:162)
	at org.apache.solr.parser.QueryParser.TopLevelQuery(QueryParser.java:131)
	at org.apache.solr.parser.SolrQueryParserBase.parse(SolrQueryParserBase.java:270)
	at org.apache.solr.search.LuceneQParser.parse(LuceneQParser.java:49)
	at org.apache.solr.search.QParser.getQuery(QParser.java:174)
	at org.apache.solr.handler.component.QueryComponent.prepare(QueryComponent.java:162)
	at org.apache.solr.handler.component.SearchHandler.handleRequestBody(SearchHandler.java:332)
	at org.apache.solr.handler.RequestHandlerBase.handleRequest(RequestHandlerBase.java:216)
	at org.apache.solr.core.SolrCore.execute(SolrCore.java:2646)
	at org.apache.solr.servlet.HttpSolrCall.execute(HttpSolrCall.java:794)
	at org.apache.solr.servlet.HttpSolrCall.call(HttpSolrCall.java:567)
	at org.apache.solr.servlet.SolrDispatchFilter.doFilter(SolrDispatchFilter.java:427)
	at org.apache.solr.servlet.SolrDispatchFilter.doFilter(SolrDispatchFilter.java:357)
	at org.eclipse.jetty.servlet.FilterHolder.doFilter(FilterHolder.java:201)
	at org.eclipse.jetty.servlet.ServletHandler$Chain.doFilter(ServletHandler.java:1601)
	at org.eclipse.jetty.servlet.ServletHandler.doHandle(ServletHandler.java:548)
	at org.eclipse.jetty.server.handler.ScopedHandler.handle(ScopedHandler.java:143)
	at org.eclipse.jetty.security.SecurityHandler.handle(SecurityHandler.java:602)
	at org.eclipse.jetty.server.handler.HandlerWrapper.handle(HandlerWrapper.java:127)
	at org.eclipse.jetty.server.handler.ScopedHandler.nextHandle(ScopedHandler.java:235)
	at org.eclipse.jetty.server.session.SessionHandler.doHandle(SessionHandler.java:1612)
	at org.eclipse.jetty.server.handler.ScopedHandler.nextHandle(ScopedHandler.java:233)
	at org.eclipse.jetty.server.handler.ContextHandler.doHandle(ContextHandler.java:1434)
	at org.eclipse.jetty.server.handler.ScopedHandler.nextScope(ScopedHandler.java:188)
	at org.eclipse.jetty.servlet.ServletHandler.doScope(ServletHandler.java:501)
	at org.eclipse.jetty.server.session.SessionHandler.doScope(SessionHandler.java:1582)
	at org.eclipse.jetty.server.handler.ScopedHandler.nextScope(ScopedHandler.java:186)
	at org.eclipse.jetty.server.handler.ContextHandler.doScope(ContextHandler.java:1349)
	at org.eclipse.jetty.server.handler.ScopedHandler.handle(ScopedHandler.java:141)
	at org.eclipse.jetty.server.handler.ContextHandlerCollection.handle(ContextHandlerCollection.java:191)
	at org.eclipse.jetty.server.handler.InetAccessHandler.handle(InetAccessHandler.java:177)
	at org.eclipse.jetty.server.handler.HandlerCollection.handle(HandlerCollection.java:146)
	at org.eclipse.jetty.server.handler.HandlerWrapper.handle(HandlerWrapper.java:127)
	at org.eclipse.jetty.rewrite.handler.RewriteHandler.handle(RewriteHandler.java:322)
	at org.eclipse.jetty.server.handler.HandlerWrapper.handle(HandlerWrapper.java:127)
	at org.eclipse.jetty.server.Server.handle(Server.java:516)
	at org.eclipse.jetty.server.HttpChannel.lambda$handle$1(HttpChannel.java:383)
	at org.eclipse.jetty.server.HttpChannel.dispatch(HttpChannel.java:556)
	at org.eclipse.jetty.server.HttpChannel.handle(HttpChannel.java:375)
	at org.eclipse.jetty.server.HttpConnection.onFillable(HttpConnection.java:273)
	at org.eclipse.jetty.io.AbstractConnection$ReadCallback.succeeded(AbstractConnection.java:311)
	at org.eclipse.jetty.io.FillInterest.fillable(FillInterest.java:105)
	at org.eclipse.jetty.io.ChannelEndPoint$1.run(ChannelEndPoint.java:104)
	at org.eclipse.jetty.util.thread.QueuedThreadPool.runJob(QueuedThreadPool.java:773)
	at org.eclipse.jetty.util.thread.QueuedThreadPool$Runner.run(QueuedThreadPool.java:905)
	at java.base/java.lang.Thread.run(Thread.java:832)

2021-02-05 16:46:08.881 INFO  (qtp1333041165-23) [   x:nutch] o.a.s.c.S.Request [nutch]  webapp=/solr path=/select params={q=compute&_=1612543479689} status=400 QTime=19
2021-02-05 16:46:23.867 ERROR (qtp1333041165-18) [   x:nutch] o.a.s.h.RequestHandlerBase org.apache.solr.common.SolrException: undefined field _text_
	at org.apache.solr.schema.IndexSchema.getDynamicFieldType(IndexSchema.java:1316)
	at org.apache.solr.schema.IndexSchema.getFieldType(IndexSchema.java:1268)
	at org.apache.solr.parser.SolrQueryParserBase.getWildcardQuery(SolrQueryParserBase.java:1231)
	at org.apache.solr.parser.SolrQueryParserBase.handleBareTokenQuery(SolrQueryParserBase.java:811)
	at org.apache.solr.parser.QueryParser.Term(QueryParser.java:421)
	at org.apache.solr.parser.QueryParser.Clause(QueryParser.java:278)
	at org.apache.solr.parser.QueryParser.Query(QueryParser.java:162)
	at org.apache.solr.parser.QueryParser.TopLevelQuery(QueryParser.java:131)
	at org.apache.solr.parser.SolrQueryParserBase.parse(SolrQueryParserBase.java:270)
	at org.apache.solr.search.LuceneQParser.parse(LuceneQParser.java:49)
	at org.apache.solr.search.QParser.getQuery(QParser.java:174)
	at org.apache.solr.handler.component.QueryComponent.prepare(QueryComponent.java:162)
	at org.apache.solr.handler.component.SearchHandler.handleRequestBody(SearchHandler.java:332)
	at org.apache.solr.handler.RequestHandlerBase.handleRequest(RequestHandlerBase.java:216)
	at org.apache.solr.core.SolrCore.execute(SolrCore.java:2646)
	at org.apache.solr.servlet.HttpSolrCall.execute(HttpSolrCall.java:794)
	at org.apache.solr.servlet.HttpSolrCall.call(HttpSolrCall.java:567)
	at org.apache.solr.servlet.SolrDispatchFilter.doFilter(SolrDispatchFilter.java:427)
	at org.apache.solr.servlet.SolrDispatchFilter.doFilter(SolrDispatchFilter.java:357)
	at org.eclipse.jetty.servlet.FilterHolder.doFilter(FilterHolder.java:201)
	at org.eclipse.jetty.servlet.ServletHandler$Chain.doFilter(ServletHandler.java:1601)
	at org.eclipse.jetty.servlet.ServletHandler.doHandle(ServletHandler.java:548)
	at org.eclipse.jetty.server.handler.ScopedHandler.handle(ScopedHandler.java:143)
	at org.eclipse.jetty.security.SecurityHandler.handle(SecurityHandler.java:602)
	at org.eclipse.jetty.server.handler.HandlerWrapper.handle(HandlerWrapper.java:127)
	at org.eclipse.jetty.server.handler.ScopedHandler.nextHandle(ScopedHandler.java:235)
	at org.eclipse.jetty.server.session.SessionHandler.doHandle(SessionHandler.java:1612)
	at org.eclipse.jetty.server.handler.ScopedHandler.nextHandle(ScopedHandler.java:233)
	at org.eclipse.jetty.server.handler.ContextHandler.doHandle(ContextHandler.java:1434)
	at org.eclipse.jetty.server.handler.ScopedHandler.nextScope(ScopedHandler.java:188)
	at org.eclipse.jetty.servlet.ServletHandler.doScope(ServletHandler.java:501)
	at org.eclipse.jetty.server.session.SessionHandler.doScope(SessionHandler.java:1582)
	at org.eclipse.jetty.server.handler.ScopedHandler.nextScope(ScopedHandler.java:186)
	at org.eclipse.jetty.server.handler.ContextHandler.doScope(ContextHandler.java:1349)
	at org.eclipse.jetty.server.handler.ScopedHandler.handle(ScopedHandler.java:141)
	at org.eclipse.jetty.server.handler.ContextHandlerCollection.handle(ContextHandlerCollection.java:191)
	at org.eclipse.jetty.server.handler.InetAccessHandler.handle(InetAccessHandler.java:177)
	at org.eclipse.jetty.server.handler.HandlerCollection.handle(HandlerCollection.java:146)
	at org.eclipse.jetty.server.handler.HandlerWrapper.handle(HandlerWrapper.java:127)
	at org.eclipse.jetty.rewrite.handler.RewriteHandler.handle(RewriteHandler.java:322)
	at org.eclipse.jetty.server.handler.HandlerWrapper.handle(HandlerWrapper.java:127)
	at org.eclipse.jetty.server.Server.handle(Server.java:516)
	at org.eclipse.jetty.server.HttpChannel.lambda$handle$1(HttpChannel.java:383)
	at org.eclipse.jetty.server.HttpChannel.dispatch(HttpChannel.java:556)
	at org.eclipse.jetty.server.HttpChannel.handle(HttpChannel.java:375)
	at org.eclipse.jetty.server.HttpConnection.onFillable(HttpConnection.java:273)
	at org.eclipse.jetty.io.AbstractConnection$ReadCallback.succeeded(AbstractConnection.java:311)
	at org.eclipse.jetty.io.FillInterest.fillable(FillInterest.java:105)
	at org.eclipse.jetty.io.ChannelEndPoint$1.run(ChannelEndPoint.java:104)
	at org.eclipse.jetty.util.thread.strategy.EatWhatYouKill.runTask(EatWhatYouKill.java:336)
	at org.eclipse.jetty.util.thread.strategy.EatWhatYouKill.doProduce(EatWhatYouKill.java:313)
	at org.eclipse.jetty.util.thread.strategy.EatWhatYouKill.tryProduce(EatWhatYouKill.java:171)
	at org.eclipse.jetty.util.thread.strategy.EatWhatYouKill.run(EatWhatYouKill.java:129)
	at org.eclipse.jetty.util.thread.ReservedThreadExecutor$ReservedThread.run(ReservedThreadExecutor.java:375)
	at org.eclipse.jetty.util.thread.QueuedThreadPool.runJob(QueuedThreadPool.java:773)
	at org.eclipse.jetty.util.thread.QueuedThreadPool$Runner.run(QueuedThreadPool.java:905)
	at java.base/java.lang.Thread.run(Thread.java:832)

2021-02-05 16:46:23.867 INFO  (qtp1333041165-18) [   x:nutch] o.a.s.c.S.Request [nutch]  webapp=/solr path=/select params={q=*/*&_=1612543479689} status=400 QTime=0
2021-02-05 16:46:28.851 ERROR (qtp1333041165-17) [   x:nutch] o.a.s.h.RequestHandlerBase org.apache.solr.common.SolrException: undefined field _text_
	at org.apache.solr.schema.IndexSchema.getDynamicFieldType(IndexSchema.java:1316)
	at org.apache.solr.schema.IndexSchema.getFieldType(IndexSchema.java:1268)
	at org.apache.solr.parser.SolrQueryParserBase.getWildcardQuery(SolrQueryParserBase.java:1231)
	at org.apache.solr.parser.SolrQueryParserBase.handleBareTokenQuery(SolrQueryParserBase.java:811)
	at org.apache.solr.parser.QueryParser.Term(QueryParser.java:421)
	at org.apache.solr.parser.QueryParser.Clause(QueryParser.java:278)
	at org.apache.solr.parser.QueryParser.Query(QueryParser.java:162)
	at org.apache.solr.parser.QueryParser.TopLevelQuery(QueryParser.java:131)
	at org.apache.solr.parser.SolrQueryParserBase.parse(SolrQueryParserBase.java:270)
	at org.apache.solr.search.LuceneQParser.parse(LuceneQParser.java:49)
	at org.apache.solr.search.QParser.getQuery(QParser.java:174)
	at org.apache.solr.handler.component.QueryComponent.prepare(QueryComponent.java:162)
	at org.apache.solr.handler.component.SearchHandler.handleRequestBody(SearchHandler.java:332)
	at org.apache.solr.handler.RequestHandlerBase.handleRequest(RequestHandlerBase.java:216)
	at org.apache.solr.core.SolrCore.execute(SolrCore.java:2646)
	at org.apache.solr.servlet.HttpSolrCall.execute(HttpSolrCall.java:794)
	at org.apache.solr.servlet.HttpSolrCall.call(HttpSolrCall.java:567)
	at org.apache.solr.servlet.SolrDispatchFilter.doFilter(SolrDispatchFilter.java:427)
	at org.apache.solr.servlet.SolrDispatchFilter.doFilter(SolrDispatchFilter.java:357)
	at org.eclipse.jetty.servlet.FilterHolder.doFilter(FilterHolder.java:201)
	at org.eclipse.jetty.servlet.ServletHandler$Chain.doFilter(ServletHandler.java:1601)
	at org.eclipse.jetty.servlet.ServletHandler.doHandle(ServletHandler.java:548)
	at org.eclipse.jetty.server.handler.ScopedHandler.handle(ScopedHandler.java:143)
	at org.eclipse.jetty.security.SecurityHandler.handle(SecurityHandler.java:602)
	at org.eclipse.jetty.server.handler.HandlerWrapper.handle(HandlerWrapper.java:127)
	at org.eclipse.jetty.server.handler.ScopedHandler.nextHandle(ScopedHandler.java:235)
	at org.eclipse.jetty.server.session.SessionHandler.doHandle(SessionHandler.java:1612)
	at org.eclipse.jetty.server.handler.ScopedHandler.nextHandle(ScopedHandler.java:233)
	at org.eclipse.jetty.server.handler.ContextHandler.doHandle(ContextHandler.java:1434)
	at org.eclipse.jetty.server.handler.ScopedHandler.nextScope(ScopedHandler.java:188)
	at org.eclipse.jetty.servlet.ServletHandler.doScope(ServletHandler.java:501)
	at org.eclipse.jetty.server.session.SessionHandler.doScope(SessionHandler.java:1582)
	at org.eclipse.jetty.server.handler.ScopedHandler.nextScope(ScopedHandler.java:186)
	at org.eclipse.jetty.server.handler.ContextHandler.doScope(ContextHandler.java:1349)
	at org.eclipse.jetty.server.handler.ScopedHandler.handle(ScopedHandler.java:141)
	at org.eclipse.jetty.server.handler.ContextHandlerCollection.handle(ContextHandlerCollection.java:191)
	at org.eclipse.jetty.server.handler.InetAccessHandler.handle(InetAccessHandler.java:177)
	at org.eclipse.jetty.server.handler.HandlerCollection.handle(HandlerCollection.java:146)
	at org.eclipse.jetty.server.handler.HandlerWrapper.handle(HandlerWrapper.java:127)
	at org.eclipse.jetty.rewrite.handler.RewriteHandler.handle(RewriteHandler.java:322)
	at org.eclipse.jetty.server.handler.HandlerWrapper.handle(HandlerWrapper.java:127)
	at org.eclipse.jetty.server.Server.handle(Server.java:516)
	at org.eclipse.jetty.server.HttpChannel.lambda$handle$1(HttpChannel.java:383)
	at org.eclipse.jetty.server.HttpChannel.dispatch(HttpChannel.java:556)
	at org.eclipse.jetty.server.HttpChannel.handle(HttpChannel.java:375)
	at org.eclipse.jetty.server.HttpConnection.onFillable(HttpConnection.java:273)
	at org.eclipse.jetty.io.AbstractConnection$ReadCallback.succeeded(AbstractConnection.java:311)
	at org.eclipse.jetty.io.FillInterest.fillable(FillInterest.java:105)
	at org.eclipse.jetty.io.ChannelEndPoint$1.run(ChannelEndPoint.java:104)
	at org.eclipse.jetty.util.thread.strategy.EatWhatYouKill.runTask(EatWhatYouKill.java:336)
	at org.eclipse.jetty.util.thread.strategy.EatWhatYouKill.doProduce(EatWhatYouKill.java:313)
	at org.eclipse.jetty.util.thread.strategy.EatWhatYouKill.tryProduce(EatWhatYouKill.java:171)
	at org.eclipse.jetty.util.thread.strategy.EatWhatYouKill.run(EatWhatYouKill.java:129)
	at org.eclipse.jetty.util.thread.ReservedThreadExecutor$ReservedThread.run(ReservedThreadExecutor.java:375)
	at org.eclipse.jetty.util.thread.QueuedThreadPool.runJob(QueuedThreadPool.java:773)
	at org.eclipse.jetty.util.thread.QueuedThreadPool$Runner.run(QueuedThreadPool.java:905)
	at java.base/java.lang.Thread.run(Thread.java:832)

2021-02-05 16:46:28.851 INFO  (qtp1333041165-17) [   x:nutch] o.a.s.c.S.Request [nutch]  webapp=/solr path=/select params={q=*\*&_=1612543479689} status=400 QTime=0
2021-02-05 16:46:38.504 INFO  (qtp1333041165-18) [   x:nutch] o.a.s.c.S.Request [nutch]  webapp=/solr path=/select params={q=*:*&_=1612543479689} hits=5877 status=0 QTime=16
2021-02-05 16:50:18.176 INFO  (qtp1333041165-44) [   x:nutch] o.a.s.c.S.Request [nutch]  webapp=/solr path=/select params={q=anchor:+Algorithm&_=1612543479689} hits=0 status=0 QTime=6
2021-02-05 16:50:29.371 INFO  (qtp1333041165-18) [   x:nutch] o.a.s.c.S.Request [nutch]  webapp=/solr path=/select params={q=content:+Algorithm&_=1612543479689} hits=123 status=0 QTime=6
2021-02-05 16:50:37.638 INFO  (qtp1333041165-44) [   x:nutch] o.a.s.c.S.Request [nutch]  webapp=/solr path=/select params={q=title:+Algorithm&_=1612543479689} hits=29 status=0 QTime=2
2021-02-05 16:51:19.033 INFO  (qtp1333041165-18) [   x:nutch] o.a.s.c.S.Request [nutch]  webapp=/solr path=/select params={q=title:+Algorithm} hits=29 status=0 QTime=0
2021-02-05 16:51:22.555 INFO  (qtp1333041165-44) [   ] o.a.s.s.HttpSolrCall [admin] webapp=null path=/admin/cores params={indexInfo=false&wt=json&_=1612543882477} status=0 QTime=0
2021-02-05 16:51:22.557 INFO  (qtp1333041165-26) [   ] o.a.s.s.HttpSolrCall [admin] webapp=null path=/admin/info/system params={wt=json&_=1612543882477} status=0 QTime=2
2021-02-05 16:52:15.953 INFO  (qtp1333041165-43) [   x:nutch] o.a.s.c.S.Request [nutch]  webapp=/solr path=/select params={q=title:+algorithm&_=1612543882534} hits=29 status=0 QTime=0
2021-02-05 19:25:16.219 INFO  (ShutdownMonitor) [   ] o.e.j.s.AbstractConnector Stopped ServerConnector@7642df8f{HTTP/1.1, (http/1.1, h2c)}{0.0.0.0:8983}
2021-02-05 19:25:16.219 INFO  (ShutdownMonitor) [   ] o.e.j.s.session node0 Stopped scavenging
2021-02-05 19:25:16.221 INFO  (ShutdownMonitor) [   ] o.a.s.c.CoreContainer Shutting down CoreContainer instance=749098095
2021-02-05 19:25:16.222 INFO  (coreCloseExecutor-21-thread-1) [   ] o.a.s.c.SolrCore [nutch]  CLOSING SolrCore org.apache.solr.core.SolrCore@1e0d146
2021-02-05 19:25:16.222 INFO  (coreCloseExecutor-21-thread-1) [   ] o.a.s.m.SolrMetricManager Closing metric reporters for registry=solr.core.nutch tag=SolrCore@1e0d146
2021-02-05 19:25:16.223 INFO  (coreCloseExecutor-21-thread-1) [   ] o.a.s.m.r.SolrJmxReporter Closing reporter [org.apache.solr.metrics.reporters.SolrJmxReporter@48f3d47e: rootName = null, domain = solr.core.nutch, service url = null, agent id = null] for registry solr.core.nutch/com.codahale.metrics.MetricRegistry@f48d6da
2021-02-05 19:25:16.237 INFO  (coreCloseExecutor-21-thread-1) [   ] o.a.s.u.DirectUpdateHandler2 Committing on IndexWriter.close()  ... SKIPPED (unnecessary).
2021-02-05 19:25:16.245 INFO  (ShutdownMonitor) [   ] o.a.s.m.SolrMetricManager Closing metric reporters for registry=solr.node tag=null
2021-02-05 19:25:16.245 INFO  (ShutdownMonitor) [   ] o.a.s.m.r.SolrJmxReporter Closing reporter [org.apache.solr.metrics.reporters.SolrJmxReporter@6812fa3a: rootName = null, domain = solr.node, service url = null, agent id = null] for registry solr.node/com.codahale.metrics.MetricRegistry@641fc4d6
2021-02-05 19:25:16.249 INFO  (ShutdownMonitor) [   ] o.a.s.m.SolrMetricManager Closing metric reporters for registry=solr.jvm tag=null
2021-02-05 19:25:16.249 INFO  (ShutdownMonitor) [   ] o.a.s.m.r.SolrJmxReporter Closing reporter [org.apache.solr.metrics.reporters.SolrJmxReporter@6325f352: rootName = null, domain = solr.jvm, service url = null, agent id = null] for registry solr.jvm/com.codahale.metrics.MetricRegistry@44431e75
2021-02-05 19:25:16.250 INFO  (ShutdownMonitor) [   ] o.a.s.m.SolrMetricManager Closing metric reporters for registry=solr.jetty tag=null
2021-02-05 19:25:16.251 INFO  (ShutdownMonitor) [   ] o.a.s.m.r.SolrJmxReporter Closing reporter [org.apache.solr.metrics.reporters.SolrJmxReporter@15c4af7a: rootName = null, domain = solr.jetty, service url = null, agent id = null] for registry solr.jetty/com.codahale.metrics.MetricRegistry@5471bd59
2021-02-05 19:25:16.261 INFO  (ShutdownMonitor) [   ] o.e.j.s.h.ContextHandler Stopped o.e.j.w.WebAppContext@295eaa7c{/solr,null,STOPPED}{/Users/quyuyi/gitProjects/6675/CS6675/hw1/solr-8.8.0/server/solr-webapp/webapp}
